#! /c/Source/iverilog-install/bin/vvp
:ivl_version "12.0 (devel)" "(s20150603-1539-g2693dd32b)";
:ivl_delay_selection "TYPICAL";
:vpi_time_precision + 0;
:vpi_module "C:\iverilog\lib\ivl\system.vpi";
:vpi_module "C:\iverilog\lib\ivl\vhdl_sys.vpi";
:vpi_module "C:\iverilog\lib\ivl\vhdl_textio.vpi";
:vpi_module "C:\iverilog\lib\ivl\v2005_math.vpi";
:vpi_module "C:\iverilog\lib\ivl\va_math.vpi";
S_000001b7e07983d0 .scope module, "shake_core" "shake_core" 2 13;
 .timescale 0 0;
    .port_info 0 /INPUT 1 "clk";
    .port_info 1 /INPUT 1 "reset";
    .port_info 2 /INPUT 1 "start";
    .port_info 3 /INPUT 1 "in_valid";
    .port_info 4 /INPUT 64 "in_data";
    .port_info 5 /INPUT 1 "is_last";
    .port_info 6 /INPUT 3 "byte_num";
    .port_info 7 /OUTPUT 1 "ready";
    .port_info 8 /OUTPUT 1 "out_valid";
    .port_info 9 /OUTPUT 512 "out_data";
    .port_info 10 /INPUT 1 "out_ready";
    .port_info 11 /OUTPUT 1 "done";
P_000001b7e0798560 .param/l "OUT_BITS" 0 2 16, +C4<00000000000000000000001000000000>;
P_000001b7e0798598 .param/l "RATE_BITS" 0 2 14, +C4<00000000000000000000010101000000>;
P_000001b7e07985d0 .param/l "SUFFIX" 0 2 15, C4<00011111>;
P_000001b7e0798608 .param/l "S_ABSORB" 1 2 39, C4<001>;
P_000001b7e0798640 .param/l "S_DONE" 1 2 43, C4<101>;
P_000001b7e0798678 .param/l "S_IDLE" 1 2 38, C4<000>;
P_000001b7e07986b0 .param/l "S_PAD" 1 2 40, C4<010>;
P_000001b7e07986e8 .param/l "S_PERMUTE" 1 2 41, C4<011>;
P_000001b7e0798720 .param/l "S_SQUEEZE" 1 2 42, C4<100>;
L_000001b7e07b4ff0 .functor AND 1, L_000001b7e0816120, L_000001b7e0816af0, C4<1>, C4<1>;
L_000001b7e0860088 .functor BUFT 1, C4<011>, C4<0>, C4<0>, C4<0>;
v000001b7e07a8210_0 .net/2u *"_ivl_0", 2 0, L_000001b7e0860088;  1 drivers
v000001b7e07a82b0_0 .net *"_ivl_2", 0 0, L_000001b7e0816120;  1 drivers
L_000001b7e08600d0 .functor BUFT 1, C4<011>, C4<0>, C4<0>, C4<0>;
v000001b7e079e500_0 .net/2u *"_ivl_4", 2 0, L_000001b7e08600d0;  1 drivers
v000001b7e079e5a0_0 .net *"_ivl_6", 0 0, L_000001b7e0816af0;  1 drivers
o000001b7e07c5cd8 .functor BUFZ 3, C4<zzz>; HiZ drive
v000001b7e0815e00_0 .net "byte_num", 2 0, o000001b7e07c5cd8;  0 drivers
o000001b7e07c59a8 .functor BUFZ 1, C4<z>; HiZ drive
v000001b7e0816260_0 .net "clk", 0 0, o000001b7e07c59a8;  0 drivers
v000001b7e0815f40_0 .var "done", 0 0;
v000001b7e0815ae0_0 .net "enter_permute", 0 0, L_000001b7e07b4ff0;  1 drivers
o000001b7e07c5d68 .functor BUFZ 64, C4<zzzzzzzzzzzzzzzzzzzzzzzzzzzzzzzzzzzzzzzzzzzzzzzzzzzzzzzzzzzzzzzz>; HiZ drive
v000001b7e0816440_0 .net "in_data", 63 0, o000001b7e07c5d68;  0 drivers
o000001b7e07c5d98 .functor BUFZ 1, C4<z>; HiZ drive
v000001b7e0816080_0 .net "in_valid", 0 0, o000001b7e07c5d98;  0 drivers
o000001b7e07c5dc8 .functor BUFZ 1, C4<z>; HiZ drive
v000001b7e0815d60_0 .net "is_last", 0 0, o000001b7e07c5dc8;  0 drivers
v000001b7e0816760_0 .var "keccak_state", 1599 0;
v000001b7e0815b80_0 .var "msg_buf", 1343 0;
v000001b7e08169e0_0 .var "next_state", 2 0;
v000001b7e0816620_0 .var "out_data", 511 0;
o000001b7e07c5e88 .functor BUFZ 1, C4<z>; HiZ drive
v000001b7e0816800_0 .net "out_ready", 0 0, o000001b7e07c5e88;  0 drivers
v000001b7e08164e0_0 .var "out_valid", 0 0;
v000001b7e0815c20_0 .var "perm_done", 0 0;
v000001b7e08161c0_0 .net "perm_done_w", 0 0, v000001b7e07a1720_0;  1 drivers
v000001b7e08163a0_0 .var "perm_start", 0 0;
v000001b7e0816580_0 .net "perm_state_out", 1599 0, v000001b7e07a8170_0;  1 drivers
v000001b7e0816300_0 .var "ready", 0 0;
o000001b7e07c5a38 .functor BUFZ 1, C4<z>; HiZ drive
v000001b7e08168a0_0 .net "reset", 0 0, o000001b7e07c5a38;  0 drivers
v000001b7e08166c0_0 .var "round_cnt", 4 0;
v000001b7e0815ea0_0 .var "squeeze_cnt", 7 0;
o000001b7e07c5fa8 .functor BUFZ 1, C4<z>; HiZ drive
v000001b7e0815fe0_0 .net "start", 0 0, o000001b7e07c5fa8;  0 drivers
v000001b7e0816940_0 .var "state", 2 0;
v000001b7e0815cc0_0 .var "state_d1", 2 0;
E_000001b7e07a0510/0 .event anyedge, v000001b7e0816940_0, v000001b7e0815fe0_0, v000001b7e0815d60_0, v000001b7e0816080_0;
E_000001b7e07a0510/1 .event anyedge, v000001b7e07a1720_0, v000001b7e0816800_0;
E_000001b7e07a0510 .event/or E_000001b7e07a0510/0, E_000001b7e07a0510/1;
L_000001b7e0816120 .cmp/eq 3, v000001b7e0816940_0, L_000001b7e0860088;
L_000001b7e0816af0 .cmp/ne 3, v000001b7e0815cc0_0, L_000001b7e08600d0;
S_000001b7e07a7f40 .scope module, "perm_core" "keccak_permutation" 2 77, 3 7 0, S_000001b7e07983d0;
 .timescale 0 0;
    .port_info 0 /INPUT 1 "clk";
    .port_info 1 /INPUT 1 "reset";
    .port_info 2 /INPUT 1 "start";
    .port_info 3 /INPUT 1600 "state_in";
    .port_info 4 /OUTPUT 1600 "state_out";
    .port_info 5 /OUTPUT 1 "done";
v000001b7e07733a0_0 .net "clk", 0 0, o000001b7e07c59a8;  alias, 0 drivers
v000001b7e0773120_0 .var "counter", 4 0;
v000001b7e07a1720_0 .var "done", 0 0;
v000001b7e0798a10_0 .net "reset", 0 0, o000001b7e07c5a38;  alias, 0 drivers
v000001b7e0798ab0_0 .net "start", 0 0, v000001b7e08163a0_0;  1 drivers
v000001b7e07a80d0_0 .net "state_in", 1599 0, v000001b7e0816760_0;  1 drivers
v000001b7e07a8170_0 .var "state_out", 1599 0;
E_000001b7e07a0350 .event posedge, v000001b7e0798a10_0, v000001b7e07733a0_0;
    .scope S_000001b7e07a7f40;
T_0 ;
    %wait E_000001b7e07a0350;
    %load/vec4 v000001b7e0798a10_0;
    %flag_set/vec4 8;
    %jmp/0xz  T_0.0, 8;
    %pushi/vec4 0, 0, 5;
    %assign/vec4 v000001b7e0773120_0, 0;
    %pushi/vec4 0, 0, 1;
    %assign/vec4 v000001b7e07a1720_0, 0;
    %pushi/vec4 0, 0, 1600;
    %assign/vec4 v000001b7e07a8170_0, 0;
    %jmp T_0.1;
T_0.0 ;
    %load/vec4 v000001b7e0798ab0_0;
    %flag_set/vec4 9;
    %flag_get/vec4 9;
    %jmp/0 T_0.4, 9;
    %load/vec4 v000001b7e0773120_0;
    %pad/u 32;
    %pushi/vec4 0, 0, 32;
    %cmp/e;
    %flag_get/vec4 4;
    %and;
T_0.4;
    %flag_set/vec4 8;
    %jmp/0xz  T_0.2, 8;
    %pushi/vec4 24, 0, 5;
    %assign/vec4 v000001b7e0773120_0, 0;
    %pushi/vec4 0, 0, 1;
    %assign/vec4 v000001b7e07a1720_0, 0;
T_0.2 ;
    %load/vec4 v000001b7e0773120_0;
    %pad/u 32;
    %cmpi/u 0, 0, 32;
    %flag_or 5, 4; GT is !LE
    %flag_inv 5;
    %jmp/0xz  T_0.5, 5;
    %load/vec4 v000001b7e0773120_0;
    %subi 1, 0, 5;
    %assign/vec4 v000001b7e0773120_0, 0;
    %load/vec4 v000001b7e0773120_0;
    %pad/u 32;
    %cmpi/e 1, 0, 32;
    %jmp/0xz  T_0.7, 4;
    %load/vec4 v000001b7e07a80d0_0;
    %assign/vec4 v000001b7e07a8170_0, 0;
    %pushi/vec4 1, 0, 1;
    %assign/vec4 v000001b7e07a1720_0, 0;
    %jmp T_0.8;
T_0.7 ;
    %pushi/vec4 0, 0, 1;
    %assign/vec4 v000001b7e07a1720_0, 0;
T_0.8 ;
    %jmp T_0.6;
T_0.5 ;
    %pushi/vec4 0, 0, 1;
    %assign/vec4 v000001b7e07a1720_0, 0;
T_0.6 ;
T_0.1 ;
    %jmp T_0;
    .thread T_0;
    .scope S_000001b7e07983d0;
T_1 ;
    %wait E_000001b7e07a0350;
    %load/vec4 v000001b7e08168a0_0;
    %flag_set/vec4 8;
    %jmp/0xz  T_1.0, 8;
    %pushi/vec4 0, 0, 3;
    %assign/vec4 v000001b7e0815cc0_0, 0;
    %jmp T_1.1;
T_1.0 ;
    %load/vec4 v000001b7e0816940_0;
    %assign/vec4 v000001b7e0815cc0_0, 0;
T_1.1 ;
    %jmp T_1;
    .thread T_1;
    .scope S_000001b7e07983d0;
T_2 ;
    %wait E_000001b7e07a0350;
    %load/vec4 v000001b7e08168a0_0;
    %flag_set/vec4 8;
    %jmp/0xz  T_2.0, 8;
    %pushi/vec4 0, 0, 1;
    %assign/vec4 v000001b7e08163a0_0, 0;
    %jmp T_2.1;
T_2.0 ;
    %load/vec4 v000001b7e0815ae0_0;
    %assign/vec4 v000001b7e08163a0_0, 0;
T_2.1 ;
    %jmp T_2;
    .thread T_2;
    .scope S_000001b7e07983d0;
T_3 ;
    %wait E_000001b7e07a0350;
    %load/vec4 v000001b7e08168a0_0;
    %flag_set/vec4 8;
    %jmp/0xz  T_3.0, 8;
    %pushi/vec4 0, 0, 3;
    %assign/vec4 v000001b7e0816940_0, 0;
    %jmp T_3.1;
T_3.0 ;
    %load/vec4 v000001b7e08169e0_0;
    %assign/vec4 v000001b7e0816940_0, 0;
T_3.1 ;
    %jmp T_3;
    .thread T_3;
    .scope S_000001b7e07983d0;
T_4 ;
    %wait E_000001b7e07a0510;
    %load/vec4 v000001b7e0816940_0;
    %store/vec4 v000001b7e08169e0_0, 0, 3;
    %load/vec4 v000001b7e0816940_0;
    %dup/vec4;
    %pushi/vec4 0, 0, 3;
    %cmp/u;
    %jmp/1 T_4.0, 6;
    %dup/vec4;
    %pushi/vec4 1, 0, 3;
    %cmp/u;
    %jmp/1 T_4.1, 6;
    %dup/vec4;
    %pushi/vec4 2, 0, 3;
    %cmp/u;
    %jmp/1 T_4.2, 6;
    %dup/vec4;
    %pushi/vec4 3, 0, 3;
    %cmp/u;
    %jmp/1 T_4.3, 6;
    %dup/vec4;
    %pushi/vec4 4, 0, 3;
    %cmp/u;
    %jmp/1 T_4.4, 6;
    %dup/vec4;
    %pushi/vec4 5, 0, 3;
    %cmp/u;
    %jmp/1 T_4.5, 6;
    %jmp T_4.6;
T_4.0 ;
    %load/vec4 v000001b7e0815fe0_0;
    %flag_set/vec4 8;
    %jmp/0xz  T_4.7, 8;
    %pushi/vec4 1, 0, 3;
    %store/vec4 v000001b7e08169e0_0, 0, 3;
T_4.7 ;
    %jmp T_4.6;
T_4.1 ;
    %load/vec4 v000001b7e0815d60_0;
    %flag_set/vec4 8;
    %jmp/0xz  T_4.9, 8;
    %pushi/vec4 2, 0, 3;
    %store/vec4 v000001b7e08169e0_0, 0, 3;
    %jmp T_4.10;
T_4.9 ;
    %load/vec4 v000001b7e0816080_0;
    %flag_set/vec4 8;
    %jmp/0xz  T_4.11, 8;
    %pushi/vec4 3, 0, 3;
    %store/vec4 v000001b7e08169e0_0, 0, 3;
T_4.11 ;
T_4.10 ;
    %jmp T_4.6;
T_4.2 ;
    %pushi/vec4 3, 0, 3;
    %store/vec4 v000001b7e08169e0_0, 0, 3;
    %jmp T_4.6;
T_4.3 ;
    %load/vec4 v000001b7e08161c0_0;
    %flag_set/vec4 8;
    %jmp/0xz  T_4.13, 8;
    %load/vec4 v000001b7e0816080_0;
    %flag_set/vec4 9;
    %flag_get/vec4 9;
    %jmp/0 T_4.17, 9;
    %load/vec4 v000001b7e0815d60_0;
    %and;
T_4.17;
    %flag_set/vec4 8;
    %jmp/0xz  T_4.15, 8;
    %pushi/vec4 2, 0, 3;
    %store/vec4 v000001b7e08169e0_0, 0, 3;
    %jmp T_4.16;
T_4.15 ;
    %load/vec4 v000001b7e0816080_0;
    %flag_set/vec4 8;
    %jmp/0xz  T_4.18, 8;
    %pushi/vec4 1, 0, 3;
    %store/vec4 v000001b7e08169e0_0, 0, 3;
    %jmp T_4.19;
T_4.18 ;
    %pushi/vec4 4, 0, 3;
    %store/vec4 v000001b7e08169e0_0, 0, 3;
T_4.19 ;
T_4.16 ;
T_4.13 ;
    %jmp T_4.6;
T_4.4 ;
    %load/vec4 v000001b7e0816800_0;
    %flag_set/vec4 8;
    %jmp/0xz  T_4.20, 8;
    %pushi/vec4 5, 0, 3;
    %store/vec4 v000001b7e08169e0_0, 0, 3;
T_4.20 ;
    %jmp T_4.6;
T_4.5 ;
    %load/vec4 v000001b7e0815fe0_0;
    %inv;
    %flag_set/vec4 8;
    %jmp/0xz  T_4.22, 8;
    %pushi/vec4 0, 0, 3;
    %store/vec4 v000001b7e08169e0_0, 0, 3;
T_4.22 ;
    %jmp T_4.6;
T_4.6 ;
    %pop/vec4 1;
    %jmp T_4;
    .thread T_4, $push;
    .scope S_000001b7e07983d0;
T_5 ;
    %wait E_000001b7e07a0350;
    %load/vec4 v000001b7e08168a0_0;
    %flag_set/vec4 8;
    %jmp/0xz  T_5.0, 8;
    %pushi/vec4 1, 0, 1;
    %assign/vec4 v000001b7e0816300_0, 0;
    %pushi/vec4 0, 0, 1;
    %assign/vec4 v000001b7e08164e0_0, 0;
    %pushi/vec4 0, 0, 1;
    %assign/vec4 v000001b7e0815f40_0, 0;
    %pushi/vec4 0, 0, 1;
    %assign/vec4 v000001b7e08163a0_0, 0;
    %pushi/vec4 0, 0, 5;
    %assign/vec4 v000001b7e08166c0_0, 0;
    %pushi/vec4 0, 0, 8;
    %assign/vec4 v000001b7e0815ea0_0, 0;
    %pushi/vec4 0, 0, 1344;
    %assign/vec4 v000001b7e0815b80_0, 0;
    %pushi/vec4 0, 0, 1600;
    %assign/vec4 v000001b7e0816760_0, 0;
    %jmp T_5.1;
T_5.0 ;
    %load/vec4 v000001b7e08161c0_0;
    %flag_set/vec4 8;
    %jmp/0xz  T_5.2, 8;
    %load/vec4 v000001b7e0816580_0;
    %assign/vec4 v000001b7e0816760_0, 0;
T_5.2 ;
    %load/vec4 v000001b7e0816940_0;
    %cmpi/ne 3, 0, 3;
    %jmp/0xz  T_5.4, 4;
    %pushi/vec4 0, 0, 1;
    %assign/vec4 v000001b7e0815c20_0, 0;
T_5.4 ;
    %load/vec4 v000001b7e0816940_0;
    %dup/vec4;
    %pushi/vec4 0, 0, 3;
    %cmp/u;
    %jmp/1 T_5.6, 6;
    %dup/vec4;
    %pushi/vec4 1, 0, 3;
    %cmp/u;
    %jmp/1 T_5.7, 6;
    %dup/vec4;
    %pushi/vec4 2, 0, 3;
    %cmp/u;
    %jmp/1 T_5.8, 6;
    %dup/vec4;
    %pushi/vec4 3, 0, 3;
    %cmp/u;
    %jmp/1 T_5.9, 6;
    %dup/vec4;
    %pushi/vec4 4, 0, 3;
    %cmp/u;
    %jmp/1 T_5.10, 6;
    %dup/vec4;
    %pushi/vec4 5, 0, 3;
    %cmp/u;
    %jmp/1 T_5.11, 6;
    %jmp T_5.12;
T_5.6 ;
    %pushi/vec4 1, 0, 1;
    %assign/vec4 v000001b7e0816300_0, 0;
    %pushi/vec4 0, 0, 1;
    %assign/vec4 v000001b7e0815f40_0, 0;
    %pushi/vec4 0, 0, 1;
    %assign/vec4 v000001b7e08164e0_0, 0;
    %pushi/vec4 0, 0, 8;
    %assign/vec4 v000001b7e0815ea0_0, 0;
    %jmp T_5.12;
T_5.7 ;
    %pushi/vec4 0, 0, 1;
    %assign/vec4 v000001b7e0816300_0, 0;
    %load/vec4 v000001b7e0816080_0;
    %flag_set/vec4 8;
    %jmp/0xz  T_5.13, 8;
    %load/vec4 v000001b7e0816760_0;
    %parti/s 1344, 256, 10;
    %load/vec4 v000001b7e0816440_0;
    %pad/u 1344;
    %xor;
    %ix/load 4, 256, 0;
    %ix/load 5, 0, 0;
    %flag_set/imm 4, 0;
    %assign/vec4/off/d v000001b7e0816760_0, 4, 5;
T_5.13 ;
    %jmp T_5.12;
T_5.8 ;
    %load/vec4 v000001b7e0816760_0;
    %parti/s 1344, 256, 10;
    %pushi/vec4 4160749568, 0, 35;
    %concati/vec4 0, 0, 1309;
    %xor;
    %ix/load 4, 256, 0;
    %ix/load 5, 0, 0;
    %flag_set/imm 4, 0;
    %assign/vec4/off/d v000001b7e0816760_0, 4, 5;
    %load/vec4 v000001b7e0816760_0;
    %parti/s 1, 1599, 12;
    %pushi/vec4 1, 0, 1;
    %xor;
    %ix/load 4, 1599, 0;
    %ix/load 5, 0, 0;
    %flag_set/imm 4, 0;
    %assign/vec4/off/d v000001b7e0816760_0, 4, 5;
    %jmp T_5.12;
T_5.9 ;
    %load/vec4 v000001b7e08161c0_0;
    %flag_set/vec4 8;
    %jmp/0xz  T_5.15, 8;
    %pushi/vec4 0, 0, 1;
    %assign/vec4 v000001b7e08163a0_0, 0;
    %pushi/vec4 1, 0, 1;
    %assign/vec4 v000001b7e0816300_0, 0;
T_5.15 ;
    %jmp T_5.12;
T_5.10 ;
    %load/vec4 v000001b7e08161c0_0;
    %flag_set/vec4 8;
    %jmp/0xz  T_5.17, 8;
    %load/vec4 v000001b7e0816760_0;
    %parti/s 512, 1088, 12;
    %assign/vec4 v000001b7e0816620_0, 0;
    %pushi/vec4 1, 0, 1;
    %assign/vec4 v000001b7e08164e0_0, 0;
T_5.17 ;
    %load/vec4 v000001b7e0816800_0;
    %flag_set/vec4 9;
    %flag_get/vec4 9;
    %jmp/0 T_5.21, 9;
    %load/vec4 v000001b7e08164e0_0;
    %and;
T_5.21;
    %flag_set/vec4 8;
    %jmp/0xz  T_5.19, 8;
    %load/vec4 v000001b7e0815ea0_0;
    %addi 1, 0, 8;
    %assign/vec4 v000001b7e0815ea0_0, 0;
    %pushi/vec4 0, 0, 1;
    %assign/vec4 v000001b7e08164e0_0, 0;
T_5.19 ;
    %jmp T_5.12;
T_5.11 ;
    %pushi/vec4 1, 0, 1;
    %assign/vec4 v000001b7e0815f40_0, 0;
    %jmp T_5.12;
T_5.12 ;
    %pop/vec4 1;
T_5.1 ;
    %jmp T_5;
    .thread T_5;
# The file index is used to find the file name in the following table.
:file_names 4;
    "N/A";
    "<interactive>";
    "shake_core.v";
    "./keccak_permutation.v";
