#! /c/Source/iverilog-install/bin/vvp
:ivl_version "12.0 (devel)" "(s20150603-1539-g2693dd32b)";
:ivl_delay_selection "TYPICAL";
:vpi_time_precision - 12;
:vpi_module "C:\iverilog\lib\ivl\system.vpi";
:vpi_module "C:\iverilog\lib\ivl\vhdl_sys.vpi";
:vpi_module "C:\iverilog\lib\ivl\vhdl_textio.vpi";
:vpi_module "C:\iverilog\lib\ivl\v2005_math.vpi";
:vpi_module "C:\iverilog\lib\ivl\va_math.vpi";
S_000002ad82491c00 .scope module, "tb_shake_core" "tb_shake_core" 2 4;
 .timescale -9 -12;
v000002ad8251ba50_0 .var "byte_num", 2 0;
v000002ad8251c630_0 .var "clk", 0 0;
v000002ad8251b690_0 .net "done", 0 0, v000002ad824c74e0_0;  1 drivers
v000002ad8251bd70_0 .var "in_data", 63 0;
v000002ad8251b190_0 .var "in_valid", 0 0;
v000002ad8251c6d0_0 .var "is_last", 0 0;
v000002ad8251bff0_0 .net "out_data", 511 0, v000002ad824c7c60_0;  1 drivers
v000002ad8251c950_0 .var "out_ready", 0 0;
v000002ad8251c770_0 .net "out_valid", 0 0, v000002ad8251bc30_0;  1 drivers
v000002ad8251be10_0 .net "ready", 0 0, v000002ad8251afb0_0;  1 drivers
v000002ad8251ad30_0 .var "reset", 0 0;
v000002ad8251beb0_0 .var "start", 0 0;
E_000002ad824c52b0 .event posedge, v000002ad824c7a80_0;
E_000002ad824c5c30 .event anyedge, v000002ad8251bc30_0;
S_000002ad824c8fb0 .scope module, "uut" "shake_core" 2 25, 3 13 0, S_000002ad82491c00;
 .timescale -9 -12;
    .port_info 0 /INPUT 1 "clk";
    .port_info 1 /INPUT 1 "reset";
    .port_info 2 /INPUT 1 "start";
    .port_info 3 /INPUT 1 "in_valid";
    .port_info 4 /INPUT 64 "in_data";
    .port_info 5 /INPUT 1 "is_last";
    .port_info 6 /INPUT 3 "byte_num";
    .port_info 7 /OUTPUT 1 "ready";
    .port_info 8 /OUTPUT 1 "out_valid";
    .port_info 9 /OUTPUT 512 "out_data";
    .port_info 10 /INPUT 1 "out_ready";
    .port_info 11 /OUTPUT 1 "done";
P_000002ad82494d90 .param/l "OUT_BITS" 0 3 16, +C4<00000000000000000000001000000000>;
P_000002ad82494dc8 .param/l "RATE_BITS" 0 3 14, +C4<00000000000000000000010101000000>;
P_000002ad82494e00 .param/l "SUFFIX" 0 3 15, C4<00011111>;
P_000002ad82494e38 .param/l "S_ABSORB" 1 3 39, C4<001>;
P_000002ad82494e70 .param/l "S_DONE" 1 3 43, C4<101>;
P_000002ad82494ea8 .param/l "S_IDLE" 1 3 38, C4<000>;
P_000002ad82494ee0 .param/l "S_PAD" 1 3 40, C4<010>;
P_000002ad82494f18 .param/l "S_PERMUTE" 1 3 41, C4<011>;
P_000002ad82494f50 .param/l "S_SQUEEZE" 1 3 42, C4<100>;
L_000002ad824bbc20 .functor AND 1, L_000002ad8251bf50, L_000002ad8251b230, C4<1>, C4<1>;
L_000002ad82550088 .functor BUFT 1, C4<011>, C4<0>, C4<0>, C4<0>;
v000002ad824c7300_0 .net/2u *"_ivl_0", 2 0, L_000002ad82550088;  1 drivers
v000002ad824c7080_0 .net *"_ivl_2", 0 0, L_000002ad8251bf50;  1 drivers
L_000002ad825500d0 .functor BUFT 1, C4<011>, C4<0>, C4<0>, C4<0>;
v000002ad824c7620_0 .net/2u *"_ivl_4", 2 0, L_000002ad825500d0;  1 drivers
v000002ad824c7260_0 .net *"_ivl_6", 0 0, L_000002ad8251b230;  1 drivers
v000002ad824c7440_0 .net "byte_num", 2 0, v000002ad8251ba50_0;  1 drivers
v000002ad824c7760_0 .net "clk", 0 0, v000002ad8251c630_0;  1 drivers
v000002ad824c74e0_0 .var "done", 0 0;
v000002ad824c7800_0 .net "enter_permute", 0 0, L_000002ad824bbc20;  1 drivers
v000002ad824c78a0_0 .net "in_data", 63 0, v000002ad8251bd70_0;  1 drivers
v000002ad824c7e40_0 .net "in_valid", 0 0, v000002ad8251b190_0;  1 drivers
v000002ad824c7940_0 .net "is_last", 0 0, v000002ad8251c6d0_0;  1 drivers
v000002ad824c79e0_0 .var "keccak_state", 1599 0;
v000002ad824c7b20_0 .var "msg_buf", 1343 0;
v000002ad824c7bc0_0 .var "next_state", 2 0;
v000002ad824c7c60_0 .var "out_data", 511 0;
v000002ad824c7d00_0 .net "out_ready", 0 0, v000002ad8251c950_0;  1 drivers
v000002ad8251bc30_0 .var "out_valid", 0 0;
v000002ad8251cb30_0 .var "perm_done", 0 0;
v000002ad8251b9b0_0 .net "perm_done_w", 0 0, v000002ad824c7580_0;  1 drivers
v000002ad8251c130_0 .var "perm_start", 0 0;
v000002ad8251b7d0_0 .net "perm_state_out", 1599 0, v000002ad824c76c0_0;  1 drivers
v000002ad8251afb0_0 .var "ready", 0 0;
v000002ad8251bcd0_0 .net "reset", 0 0, v000002ad8251ad30_0;  1 drivers
v000002ad8251cbd0_0 .var "round_cnt", 4 0;
v000002ad8251b050_0 .var "squeeze_cnt", 7 0;
v000002ad8251b0f0_0 .net "start", 0 0, v000002ad8251beb0_0;  1 drivers
v000002ad8251c310_0 .var "state", 2 0;
v000002ad8251b910_0 .var "state_d1", 2 0;
E_000002ad824c56f0/0 .event anyedge, v000002ad8251c310_0, v000002ad8251b0f0_0, v000002ad824c7940_0, v000002ad824c7e40_0;
E_000002ad824c56f0/1 .event anyedge, v000002ad824c7580_0, v000002ad824c7d00_0;
E_000002ad824c56f0 .event/or E_000002ad824c56f0/0, E_000002ad824c56f0/1;
L_000002ad8251bf50 .cmp/eq 3, v000002ad8251c310_0, L_000002ad82550088;
L_000002ad8251b230 .cmp/ne 3, v000002ad8251b910_0, L_000002ad825500d0;
S_000002ad823db820 .scope module, "perm_core" "keccak_permutation" 3 77, 4 7 0, S_000002ad824c8fb0;
 .timescale -9 -12;
    .port_info 0 /INPUT 1 "clk";
    .port_info 1 /INPUT 1 "reset";
    .port_info 2 /INPUT 1 "start";
    .port_info 3 /INPUT 1600 "state_in";
    .port_info 4 /OUTPUT 1600 "state_out";
    .port_info 5 /OUTPUT 1 "done";
v000002ad824c7a80_0 .net "clk", 0 0, v000002ad8251c630_0;  alias, 1 drivers
v000002ad824c7da0_0 .var "counter", 4 0;
v000002ad824c7580_0 .var "done", 0 0;
v000002ad824c7120_0 .net "reset", 0 0, v000002ad8251ad30_0;  alias, 1 drivers
v000002ad824c71c0_0 .net "start", 0 0, v000002ad8251c130_0;  1 drivers
v000002ad824c6fe0_0 .net "state_in", 1599 0, v000002ad824c79e0_0;  1 drivers
v000002ad824c76c0_0 .var "state_out", 1599 0;
E_000002ad824c5af0 .event posedge, v000002ad824c7120_0, v000002ad824c7a80_0;
    .scope S_000002ad823db820;
T_0 ;
    %wait E_000002ad824c5af0;
    %load/vec4 v000002ad824c7120_0;
    %flag_set/vec4 8;
    %jmp/0xz  T_0.0, 8;
    %pushi/vec4 0, 0, 5;
    %assign/vec4 v000002ad824c7da0_0, 0;
    %pushi/vec4 0, 0, 1;
    %assign/vec4 v000002ad824c7580_0, 0;
    %pushi/vec4 0, 0, 1600;
    %assign/vec4 v000002ad824c76c0_0, 0;
    %jmp T_0.1;
T_0.0 ;
    %load/vec4 v000002ad824c71c0_0;
    %flag_set/vec4 9;
    %flag_get/vec4 9;
    %jmp/0 T_0.4, 9;
    %load/vec4 v000002ad824c7da0_0;
    %pad/u 32;
    %pushi/vec4 0, 0, 32;
    %cmp/e;
    %flag_get/vec4 4;
    %and;
T_0.4;
    %flag_set/vec4 8;
    %jmp/0xz  T_0.2, 8;
    %pushi/vec4 24, 0, 5;
    %assign/vec4 v000002ad824c7da0_0, 0;
    %pushi/vec4 0, 0, 1;
    %assign/vec4 v000002ad824c7580_0, 0;
T_0.2 ;
    %load/vec4 v000002ad824c7da0_0;
    %pad/u 32;
    %cmpi/u 0, 0, 32;
    %flag_or 5, 4; GT is !LE
    %flag_inv 5;
    %jmp/0xz  T_0.5, 5;
    %load/vec4 v000002ad824c7da0_0;
    %subi 1, 0, 5;
    %assign/vec4 v000002ad824c7da0_0, 0;
    %load/vec4 v000002ad824c7da0_0;
    %pad/u 32;
    %cmpi/e 1, 0, 32;
    %jmp/0xz  T_0.7, 4;
    %load/vec4 v000002ad824c6fe0_0;
    %assign/vec4 v000002ad824c76c0_0, 0;
    %pushi/vec4 1, 0, 1;
    %assign/vec4 v000002ad824c7580_0, 0;
    %jmp T_0.8;
T_0.7 ;
    %pushi/vec4 0, 0, 1;
    %assign/vec4 v000002ad824c7580_0, 0;
T_0.8 ;
    %jmp T_0.6;
T_0.5 ;
    %pushi/vec4 0, 0, 1;
    %assign/vec4 v000002ad824c7580_0, 0;
T_0.6 ;
T_0.1 ;
    %jmp T_0;
    .thread T_0;
    .scope S_000002ad824c8fb0;
T_1 ;
    %wait E_000002ad824c5af0;
    %load/vec4 v000002ad8251bcd0_0;
    %flag_set/vec4 8;
    %jmp/0xz  T_1.0, 8;
    %pushi/vec4 0, 0, 3;
    %assign/vec4 v000002ad8251b910_0, 0;
    %jmp T_1.1;
T_1.0 ;
    %load/vec4 v000002ad8251c310_0;
    %assign/vec4 v000002ad8251b910_0, 0;
T_1.1 ;
    %jmp T_1;
    .thread T_1;
    .scope S_000002ad824c8fb0;
T_2 ;
    %wait E_000002ad824c5af0;
    %load/vec4 v000002ad8251bcd0_0;
    %flag_set/vec4 8;
    %jmp/0xz  T_2.0, 8;
    %pushi/vec4 0, 0, 1;
    %assign/vec4 v000002ad8251c130_0, 0;
    %jmp T_2.1;
T_2.0 ;
    %load/vec4 v000002ad824c7800_0;
    %assign/vec4 v000002ad8251c130_0, 0;
T_2.1 ;
    %jmp T_2;
    .thread T_2;
    .scope S_000002ad824c8fb0;
T_3 ;
    %wait E_000002ad824c5af0;
    %load/vec4 v000002ad8251bcd0_0;
    %flag_set/vec4 8;
    %jmp/0xz  T_3.0, 8;
    %pushi/vec4 0, 0, 3;
    %assign/vec4 v000002ad8251c310_0, 0;
    %jmp T_3.1;
T_3.0 ;
    %load/vec4 v000002ad824c7bc0_0;
    %assign/vec4 v000002ad8251c310_0, 0;
T_3.1 ;
    %jmp T_3;
    .thread T_3;
    .scope S_000002ad824c8fb0;
T_4 ;
    %wait E_000002ad824c56f0;
    %load/vec4 v000002ad8251c310_0;
    %store/vec4 v000002ad824c7bc0_0, 0, 3;
    %load/vec4 v000002ad8251c310_0;
    %dup/vec4;
    %pushi/vec4 0, 0, 3;
    %cmp/u;
    %jmp/1 T_4.0, 6;
    %dup/vec4;
    %pushi/vec4 1, 0, 3;
    %cmp/u;
    %jmp/1 T_4.1, 6;
    %dup/vec4;
    %pushi/vec4 2, 0, 3;
    %cmp/u;
    %jmp/1 T_4.2, 6;
    %dup/vec4;
    %pushi/vec4 3, 0, 3;
    %cmp/u;
    %jmp/1 T_4.3, 6;
    %dup/vec4;
    %pushi/vec4 4, 0, 3;
    %cmp/u;
    %jmp/1 T_4.4, 6;
    %dup/vec4;
    %pushi/vec4 5, 0, 3;
    %cmp/u;
    %jmp/1 T_4.5, 6;
    %jmp T_4.6;
T_4.0 ;
    %load/vec4 v000002ad8251b0f0_0;
    %flag_set/vec4 8;
    %jmp/0xz  T_4.7, 8;
    %pushi/vec4 1, 0, 3;
    %store/vec4 v000002ad824c7bc0_0, 0, 3;
T_4.7 ;
    %jmp T_4.6;
T_4.1 ;
    %load/vec4 v000002ad824c7940_0;
    %flag_set/vec4 8;
    %jmp/0xz  T_4.9, 8;
    %pushi/vec4 2, 0, 3;
    %store/vec4 v000002ad824c7bc0_0, 0, 3;
    %jmp T_4.10;
T_4.9 ;
    %load/vec4 v000002ad824c7e40_0;
    %flag_set/vec4 8;
    %jmp/0xz  T_4.11, 8;
    %pushi/vec4 3, 0, 3;
    %store/vec4 v000002ad824c7bc0_0, 0, 3;
T_4.11 ;
T_4.10 ;
    %jmp T_4.6;
T_4.2 ;
    %pushi/vec4 3, 0, 3;
    %store/vec4 v000002ad824c7bc0_0, 0, 3;
    %jmp T_4.6;
T_4.3 ;
    %load/vec4 v000002ad8251b9b0_0;
    %flag_set/vec4 8;
    %jmp/0xz  T_4.13, 8;
    %load/vec4 v000002ad824c7e40_0;
    %flag_set/vec4 9;
    %flag_get/vec4 9;
    %jmp/0 T_4.17, 9;
    %load/vec4 v000002ad824c7940_0;
    %and;
T_4.17;
    %flag_set/vec4 8;
    %jmp/0xz  T_4.15, 8;
    %pushi/vec4 2, 0, 3;
    %store/vec4 v000002ad824c7bc0_0, 0, 3;
    %jmp T_4.16;
T_4.15 ;
    %load/vec4 v000002ad824c7e40_0;
    %flag_set/vec4 8;
    %jmp/0xz  T_4.18, 8;
    %pushi/vec4 1, 0, 3;
    %store/vec4 v000002ad824c7bc0_0, 0, 3;
    %jmp T_4.19;
T_4.18 ;
    %pushi/vec4 4, 0, 3;
    %store/vec4 v000002ad824c7bc0_0, 0, 3;
T_4.19 ;
T_4.16 ;
T_4.13 ;
    %jmp T_4.6;
T_4.4 ;
    %load/vec4 v000002ad824c7d00_0;
    %flag_set/vec4 8;
    %jmp/0xz  T_4.20, 8;
    %pushi/vec4 5, 0, 3;
    %store/vec4 v000002ad824c7bc0_0, 0, 3;
T_4.20 ;
    %jmp T_4.6;
T_4.5 ;
    %load/vec4 v000002ad8251b0f0_0;
    %inv;
    %flag_set/vec4 8;
    %jmp/0xz  T_4.22, 8;
    %pushi/vec4 0, 0, 3;
    %store/vec4 v000002ad824c7bc0_0, 0, 3;
T_4.22 ;
    %jmp T_4.6;
T_4.6 ;
    %pop/vec4 1;
    %jmp T_4;
    .thread T_4, $push;
    .scope S_000002ad824c8fb0;
T_5 ;
    %wait E_000002ad824c5af0;
    %load/vec4 v000002ad8251bcd0_0;
    %flag_set/vec4 8;
    %jmp/0xz  T_5.0, 8;
    %pushi/vec4 1, 0, 1;
    %assign/vec4 v000002ad8251afb0_0, 0;
    %pushi/vec4 0, 0, 1;
    %assign/vec4 v000002ad8251bc30_0, 0;
    %pushi/vec4 0, 0, 1;
    %assign/vec4 v000002ad824c74e0_0, 0;
    %pushi/vec4 0, 0, 1;
    %assign/vec4 v000002ad8251c130_0, 0;
    %pushi/vec4 0, 0, 5;
    %assign/vec4 v000002ad8251cbd0_0, 0;
    %pushi/vec4 0, 0, 8;
    %assign/vec4 v000002ad8251b050_0, 0;
    %pushi/vec4 0, 0, 1344;
    %assign/vec4 v000002ad824c7b20_0, 0;
    %pushi/vec4 0, 0, 1600;
    %assign/vec4 v000002ad824c79e0_0, 0;
    %jmp T_5.1;
T_5.0 ;
    %load/vec4 v000002ad8251b9b0_0;
    %flag_set/vec4 8;
    %jmp/0xz  T_5.2, 8;
    %load/vec4 v000002ad8251b7d0_0;
    %assign/vec4 v000002ad824c79e0_0, 0;
T_5.2 ;
    %load/vec4 v000002ad8251c310_0;
    %cmpi/ne 3, 0, 3;
    %jmp/0xz  T_5.4, 4;
    %pushi/vec4 0, 0, 1;
    %assign/vec4 v000002ad8251cb30_0, 0;
T_5.4 ;
    %load/vec4 v000002ad8251c310_0;
    %dup/vec4;
    %pushi/vec4 0, 0, 3;
    %cmp/u;
    %jmp/1 T_5.6, 6;
    %dup/vec4;
    %pushi/vec4 1, 0, 3;
    %cmp/u;
    %jmp/1 T_5.7, 6;
    %dup/vec4;
    %pushi/vec4 2, 0, 3;
    %cmp/u;
    %jmp/1 T_5.8, 6;
    %dup/vec4;
    %pushi/vec4 3, 0, 3;
    %cmp/u;
    %jmp/1 T_5.9, 6;
    %dup/vec4;
    %pushi/vec4 4, 0, 3;
    %cmp/u;
    %jmp/1 T_5.10, 6;
    %dup/vec4;
    %pushi/vec4 5, 0, 3;
    %cmp/u;
    %jmp/1 T_5.11, 6;
    %jmp T_5.12;
T_5.6 ;
    %pushi/vec4 1, 0, 1;
    %assign/vec4 v000002ad8251afb0_0, 0;
    %pushi/vec4 0, 0, 1;
    %assign/vec4 v000002ad824c74e0_0, 0;
    %pushi/vec4 0, 0, 1;
    %assign/vec4 v000002ad8251bc30_0, 0;
    %pushi/vec4 0, 0, 8;
    %assign/vec4 v000002ad8251b050_0, 0;
    %jmp T_5.12;
T_5.7 ;
    %pushi/vec4 0, 0, 1;
    %assign/vec4 v000002ad8251afb0_0, 0;
    %load/vec4 v000002ad824c7e40_0;
    %flag_set/vec4 8;
    %jmp/0xz  T_5.13, 8;
    %load/vec4 v000002ad824c79e0_0;
    %parti/s 1344, 256, 10;
    %load/vec4 v000002ad824c78a0_0;
    %pad/u 1344;
    %xor;
    %ix/load 4, 256, 0;
    %ix/load 5, 0, 0;
    %flag_set/imm 4, 0;
    %assign/vec4/off/d v000002ad824c79e0_0, 4, 5;
T_5.13 ;
    %jmp T_5.12;
T_5.8 ;
    %load/vec4 v000002ad824c79e0_0;
    %parti/s 1344, 256, 10;
    %pushi/vec4 4160749568, 0, 35;
    %concati/vec4 0, 0, 1309;
    %xor;
    %ix/load 4, 256, 0;
    %ix/load 5, 0, 0;
    %flag_set/imm 4, 0;
    %assign/vec4/off/d v000002ad824c79e0_0, 4, 5;
    %load/vec4 v000002ad824c79e0_0;
    %parti/s 1, 1599, 12;
    %pushi/vec4 1, 0, 1;
    %xor;
    %ix/load 4, 1599, 0;
    %ix/load 5, 0, 0;
    %flag_set/imm 4, 0;
    %assign/vec4/off/d v000002ad824c79e0_0, 4, 5;
    %jmp T_5.12;
T_5.9 ;
    %load/vec4 v000002ad8251b9b0_0;
    %flag_set/vec4 8;
    %jmp/0xz  T_5.15, 8;
    %pushi/vec4 0, 0, 1;
    %assign/vec4 v000002ad8251c130_0, 0;
    %pushi/vec4 1, 0, 1;
    %assign/vec4 v000002ad8251afb0_0, 0;
T_5.15 ;
    %jmp T_5.12;
T_5.10 ;
    %load/vec4 v000002ad8251b9b0_0;
    %flag_set/vec4 8;
    %jmp/0xz  T_5.17, 8;
    %load/vec4 v000002ad824c79e0_0;
    %parti/s 512, 1088, 12;
    %assign/vec4 v000002ad824c7c60_0, 0;
    %pushi/vec4 1, 0, 1;
    %assign/vec4 v000002ad8251bc30_0, 0;
T_5.17 ;
    %load/vec4 v000002ad824c7d00_0;
    %flag_set/vec4 9;
    %flag_get/vec4 9;
    %jmp/0 T_5.21, 9;
    %load/vec4 v000002ad8251bc30_0;
    %and;
T_5.21;
    %flag_set/vec4 8;
    %jmp/0xz  T_5.19, 8;
    %load/vec4 v000002ad8251b050_0;
    %addi 1, 0, 8;
    %assign/vec4 v000002ad8251b050_0, 0;
    %pushi/vec4 0, 0, 1;
    %assign/vec4 v000002ad8251bc30_0, 0;
T_5.19 ;
    %jmp T_5.12;
T_5.11 ;
    %pushi/vec4 1, 0, 1;
    %assign/vec4 v000002ad824c74e0_0, 0;
    %jmp T_5.12;
T_5.12 ;
    %pop/vec4 1;
T_5.1 ;
    %jmp T_5;
    .thread T_5;
    .scope S_000002ad82491c00;
T_6 ;
    %pushi/vec4 0, 0, 1;
    %store/vec4 v000002ad8251c630_0, 0, 1;
    %end;
    .thread T_6;
    .scope S_000002ad82491c00;
T_7 ;
    %delay 5000, 0;
    %load/vec4 v000002ad8251c630_0;
    %inv;
    %store/vec4 v000002ad8251c630_0, 0, 1;
    %jmp T_7;
    .thread T_7;
    .scope S_000002ad82491c00;
T_8 ;
    %vpi_call 2 51 "$dumpfile", "shake_core_waveform.vcd" {0 0 0};
    %vpi_call 2 52 "$dumpvars", 32'sb00000000000000000000000000000000, S_000002ad82491c00 {0 0 0};
    %end;
    .thread T_8;
    .scope S_000002ad82491c00;
T_9 ;
    %vpi_call 2 59 "$display", "=== SHAKE Core FSM Test ===" {0 0 0};
    %pushi/vec4 1, 0, 1;
    %store/vec4 v000002ad8251ad30_0, 0, 1;
    %pushi/vec4 0, 0, 1;
    %store/vec4 v000002ad8251beb0_0, 0, 1;
    %pushi/vec4 0, 0, 1;
    %store/vec4 v000002ad8251b190_0, 0, 1;
    %pushi/vec4 0, 0, 64;
    %store/vec4 v000002ad8251bd70_0, 0, 64;
    %pushi/vec4 0, 0, 1;
    %store/vec4 v000002ad8251c6d0_0, 0, 1;
    %pushi/vec4 0, 0, 3;
    %store/vec4 v000002ad8251ba50_0, 0, 3;
    %pushi/vec4 0, 0, 1;
    %store/vec4 v000002ad8251c950_0, 0, 1;
    %delay 20000, 0;
    %pushi/vec4 0, 0, 1;
    %store/vec4 v000002ad8251ad30_0, 0, 1;
    %wait E_000002ad824c52b0;
    %pushi/vec4 1, 0, 1;
    %store/vec4 v000002ad8251beb0_0, 0, 1;
    %wait E_000002ad824c52b0;
    %pushi/vec4 0, 0, 1;
    %store/vec4 v000002ad8251beb0_0, 0, 1;
    %wait E_000002ad824c52b0;
    %pushi/vec4 2864434397, 0, 32;
    %concati/vec4 4009693474, 0, 32;
    %store/vec4 v000002ad8251bd70_0, 0, 64;
    %pushi/vec4 1, 0, 1;
    %store/vec4 v000002ad8251b190_0, 0, 1;
    %pushi/vec4 0, 0, 1;
    %store/vec4 v000002ad8251c6d0_0, 0, 1;
    %pushi/vec4 0, 0, 3;
    %store/vec4 v000002ad8251ba50_0, 0, 3;
    %pushi/vec4 2, 0, 32;
T_9.0 %dup/vec4;
    %pushi/vec4 0, 0, 32;
    %cmp/s;
    %jmp/1xz T_9.1, 5;
    %jmp/1 T_9.1, 4;
    %pushi/vec4 1, 0, 32;
    %sub;
    %wait E_000002ad824c52b0;
    %jmp T_9.0;
T_9.1 ;
    %pop/vec4 1;
    %pushi/vec4 0, 0, 1;
    %store/vec4 v000002ad8251b190_0, 0, 1;
    %pushi/vec4 26, 0, 32;
T_9.2 %dup/vec4;
    %pushi/vec4 0, 0, 32;
    %cmp/s;
    %jmp/1xz T_9.3, 5;
    %jmp/1 T_9.3, 4;
    %pushi/vec4 1, 0, 32;
    %sub;
    %wait E_000002ad824c52b0;
    %jmp T_9.2;
T_9.3 ;
    %pop/vec4 1;
    %pushi/vec4 2880289470, 0, 40;
    %concati/vec4 16716066, 0, 24;
    %store/vec4 v000002ad8251bd70_0, 0, 64;
    %pushi/vec4 1, 0, 1;
    %store/vec4 v000002ad8251b190_0, 0, 1;
    %pushi/vec4 0, 0, 1;
    %store/vec4 v000002ad8251c6d0_0, 0, 1;
    %pushi/vec4 0, 0, 3;
    %store/vec4 v000002ad8251ba50_0, 0, 3;
    %pushi/vec4 2, 0, 32;
T_9.4 %dup/vec4;
    %pushi/vec4 0, 0, 32;
    %cmp/s;
    %jmp/1xz T_9.5, 5;
    %jmp/1 T_9.5, 4;
    %pushi/vec4 1, 0, 32;
    %sub;
    %wait E_000002ad824c52b0;
    %jmp T_9.4;
T_9.5 ;
    %pop/vec4 1;
    %pushi/vec4 0, 0, 1;
    %store/vec4 v000002ad8251b190_0, 0, 1;
    %pushi/vec4 26, 0, 32;
T_9.6 %dup/vec4;
    %pushi/vec4 0, 0, 32;
    %cmp/s;
    %jmp/1xz T_9.7, 5;
    %jmp/1 T_9.7, 4;
    %pushi/vec4 1, 0, 32;
    %sub;
    %wait E_000002ad824c52b0;
    %jmp T_9.6;
T_9.7 ;
    %pop/vec4 1;
    %pushi/vec4 3440465305, 0, 34;
    %concati/vec4 931699114, 0, 30;
    %store/vec4 v000002ad8251bd70_0, 0, 64;
    %pushi/vec4 1, 0, 1;
    %store/vec4 v000002ad8251b190_0, 0, 1;
    %pushi/vec4 1, 0, 1;
    %store/vec4 v000002ad8251c6d0_0, 0, 1;
    %pushi/vec4 7, 0, 3;
    %store/vec4 v000002ad8251ba50_0, 0, 3;
    %wait E_000002ad824c52b0;
    %pushi/vec4 0, 0, 1;
    %store/vec4 v000002ad8251b190_0, 0, 1;
    %pushi/vec4 0, 0, 1;
    %store/vec4 v000002ad8251c6d0_0, 0, 1;
T_9.8 ;
    %load/vec4 v000002ad8251c770_0;
    %cmpi/ne 1, 0, 1;
    %jmp/0xz T_9.9, 6;
    %wait E_000002ad824c5c30;
    %jmp T_9.8;
T_9.9 ;
    %vpi_call 2 116 "$display", "Output Ready: %h", v000002ad8251bff0_0 {0 0 0};
    %pushi/vec4 1, 0, 1;
    %store/vec4 v000002ad8251c950_0, 0, 1;
    %wait E_000002ad824c52b0;
    %pushi/vec4 0, 0, 1;
    %store/vec4 v000002ad8251c950_0, 0, 1;
    %delay 2000000, 0;
    %vpi_call 2 127 "$finish" {0 0 0};
    %end;
    .thread T_9;
# The file index is used to find the file name in the following table.
:file_names 5;
    "N/A";
    "<interactive>";
    "tb_shake_core.v";
    "./shake_core.v";
    "./keccak_permutation.v";
